le
hmb
nhb
keb
hfb
ljb
jhb
lu
qr
ph
qm
um
gf
iy
wo
beb
bh
kv
zk
zlb
gz
kdb
ieb
yab
yr
lkb
lfb
sf
qu
s
su
er
xo
zg
vw
az
du
klb
lg
hf
zdb
dn
pab
aab
hi
wjb
nc
rl
zeb
dmb
zw
dq
cy
wab
xg
hv
tbb
jib
ceb
ebb
tlb
qe
aeb
uhb
fx
lhb
jk
hn
dz
by
ej
en
dm
rh
lm
ojb
sj
kjb
vz
yt
ku
hp
mt
qkb
vb
ws
gc
ihb
gmb
uh
wb
fy
yi
pjb
qz
mp
jj
iv
oh
eab
dd
qs
op
lz
ml
hx
xq
ww
kmb
qab
hkb
obb
pe
ri
zq
sp
ls
ym
pp
fmb
vr
lib
bz
z
po
yv
tp
jc
ut
mz
yp
yy
hhb
sc
df
os
sx
pj
bt
gt
qh
dv
uu
vk
tl
ec
aw
iz
qn
tg
alb
gcb
nw
sh
tw
py
qy
ul
cgb
rfb
rj
vg
cf
fe
rv
zc
eg
vl
wq
ijb
pq
zbb
xl
wfb
abb
jt
mf
wf
xbb
zs
nq
bi
ih
lb
cv
sfb
nb
uk
ao
iw
sgb
hk
oc
uo
cc
fib
jb
lk
kb
ol
lr
nl
nlb
qdb
to
yd
nx
oz
wib
cm
ukb
fh
xi
ds
hq
li
fr
ht
teb
cjb
sab
wn
tn
fk
ygb
jbb
xf
a
ey
qw
uib
wt
cs
rk
kc
u
ykb
pu
bgb
kw
lp
qp
ccb
vt
gn
nab
gib
xr
wi
fgb
pw
wp
zl
bj
lw
wlb
lgb
lj
bf
ij
mm
jlb
mj
nz
fj
jz
dab
tib
mn
ug
cw
ldb
cmb
bc
yx
zab
rn
of
ex
wg
hcb
qx
acb
sl
gbb
an
dx
jab
neb
ow
yib
kkb
rdb
tk
no
ic
jv
khb
sjb
ss
zv
jkb
sk
zn
hc
ndb
qd
cq
dg
gq
shb
jr
mv
ov
vn
lcb
nt
iib
me
pi
ge
ncb
cg
geb
jw
pt
vjb
fs
mq
ik
io
zcb
in
dp
qbb
uc
dk
js
tfb
xkb
xlb
af
vbb
nv
px
ff
nfb
si
deb
nf
ob
dgb
ibb
oib
vhb
xjb
ye
ubb
elb
tc
bb
blb
fc
fjb
wd
jo
glb
de
gm
bp
hab
hh
yfb
ac
peb
yk
jy
edb
yb
jfb
aj
zt
ti
gh
zp
ab
tdb
ulb
vfb
wm
bw
jh
dlb
amb
e
kg
ae
jl
vib
ok
se
uf
cx
vq
hgb
mjb
bd
mb
c
ur
yjb
fp
xu
ofb
ycb
pb
rq
zr
ly
afb
eb
md
pc
sn
tcb
qcb
xz
fu
lab
et
flb
it
kk
mg
mk
pg
rjb
hz
ki
bbb
bq
od
pib
qlb
sr
yu
d
pf
sz
eq
wu
imb
jf
rp
xgb
xx
ydb
qg
gk
jx
bfb
fv
leb
pv
ry
yg
mr
sg
hib
us
vv
qb
ro
dl
fab
mx
scb
ux
zjb
so
zhb
hu
gv
oy
jm
zy
he
tr
zm
kx
hlb
kcb
kn
kr
zo
co
ucb
rbb
bv
hs
mlb
xb
hr
mh
xw
f
ie
zj
b
bu
fhb
sdb
wr
bmb
ueb
ez
t
dfb
rf
jd
dw
mhb
rab
xm
qk
pz
kab
lbb
wgb
ep
fw
iab
ko
rz
ub
xdb
adb
veb
y
jcb
uw
go
qj
wcb
kbb
ch
kt
rgb
hw
ci
dh
al
kf
cbb
wdb
ylb
yl
ji
vp
wc
xv
chb
odb
ps
wy
vo
ho
fd
cp
kfb
tu
idb
llb
qgb
aib
gw
ms
ib
ld
ax
ggb
ujb
bkb
kj
ghb
lo
vcb
sib
cl
pd
bk
fi
gg
ll
v
xd
be
fz
mo
o
ogb
ohb
vu
jg
ks
xc
zu
icb
nh
oab
qeb
st
yz
bib
tkb
xk
yf
zi
ah
ak
dc
dhb
fkb
gi
gy
ii
ip
jjb
lf
lt
mfb
nj
rx
th
ve
xeb
ze
dcb
gjb
l
oi
oo
ot
p
pbb
rd
rw
sw
tz
uy
ap
heb
hl
hm
i
ikb
is
jq
mu
n
r
rkb
vh
vs
vx
xe
xp
cj
egb
gs
gu
ilb
j
jdb
nkb
qfb
tjb
tv
tx
un
uq
yo
br
di
eeb
eu
ky
m
nib
okb
udb
whb
xhb
xs
zh
ai
bab
ct
cu
dkb
gab
if
igb
jeb
jgb
ju
kgb
or
rc
sbb
wl
xfb
bcb
dj
dr
ejb
eo
fg
fm
fo
gb
jmb
kh
kib
mkb
ni
ocb
pl
rg
ufb
vlb
zkb
ag
bm
djb
ev
gd
lv
njb
nr
oe
qq
qv
sq
tj
wkb
wx
yw
zb
bhb
cab
cib
ddb
do
ed
eh
ei
fb
fbb
gj
gp
hj
id
il
lc
nu
og
ox
pgb
sm
te
up
vc
zib
at
av
ffb
fq
kd
km
mgb
mib
my
ne
nn
on
pdb
pk
rb
ru
sb
sy
tab
ue
vf
w
wbb
we
xt
yj
zgb
zx
bn
cb
eib
em
es
fdb
ft
je
k
mcb
nd
ngb
qhb
ql
rhb
rlb
sv
tt
vab
vd
am
bdb
bg
cfb
cr
dbb
ecb
kl
lh
lq
meb
nbb
pcb
qf
qjb
tm
ugb
uj
vgb
x
ahb
akb
ar
dt
ef
ekb
emb
ew
fn
gl
hjb
iu
mi
nm
om
pfb
pkb
reb
rt
seb
td
tq
vj
ajb
db
el
gr
gx
hy
ln
mdb
nk
ou
pr
q
rib
tb
tf
ui
uz
wz
xn
xy
yc
ys
zd
zz
ad
bl
ee
gkb
hb
ig
ir
jn
mbb
ng
ns
ny
plb
pn
re
tgb
thb
web
wk
yn
bo
cd
cdb
cn
cz
efb
ek
fl
im
kq
sd
vdb
vy
wv
xj
zf
ay
ck
ckb
clb
feb
hd
ix
rs
ty
xh
dib
fcb
hbb
hg
iq
olb
qc
uab
vkb
wj
ybb
bs
dy
g
h
hdb
mab
oeb
qi
skb
ts
yhb
ce
ke
lmb
np
oj
qib
ud
vi
wh
xib
agb
as
bjb
mw
phb
pm
qo
rr
slb
uv
yeb
yh
bx
jp
lx
qt
rcb
vm
xab
xcb
aq
ifb
kp
mc
yq
au
kz
oq
rm
gdb
gfb
zfb
ehb
