153742
163908
-142196
-93741
-101421
-119490
26355
65811
88864
18565
37178
-37624
16929
39317
34901
6304
4237
87846
-129983
18510
86504
-29639
-32748
-150901
-10105
-73347
12756
-40074
128911
9008
42659
-76376
34045
-54090
134499
185232
135266
-174238
-41126
34616
-34527
99380
-58375
40442
-72049
-33834
89154
20049
-10053
51089
-211568
-155086
73241
14350
-164571
-37907
-178103
173455
38318
109699
-28585
66210
-42474
-60075
12967
-97977
-40222
-66271
178656
-43887
94201
3945
-25871
63222
-156152
158617
18842
-57756
-30790
80339
-61774
-135706
145294
-137769
-162027
-15841
-30070
45708
105231
52887
-67093
8020
-104012
-58880
954
71983
-24014
-56358
-108147
-62572
