153742
163908
-142196
-93741
-101421
-119490
26355
65811
88864
18565
37178
-37624
16929
39317
34901
6304
4237
87846
-129983
18510
86504
-29639
-32748
-150901
-10105
-73347
12756
-40074
128911
9008
42659
-76376
34045
-54090
134499
185232
135266
-174238
-41126
34616
-34527
99380
-58375
40442
-72049
-33834
89154
20049
-10053
51089
-211568
-155086
73241
14350
-164571
-37907
-178103
173455
38318
109699
-28585
66210
-42474
-60075
12967
-97977
-40222
-66271
178656
-43887
94201
3945
-25871
63222
-156152
158617
18842
-57756
-30790
80339
-61774
-135706
145294
-137769
-162027
-15841
-30070
45708
105231
52887
-67093
8020
-104012
-58880
954
71983
-24014
-56358
-108147
-62572
-3945
183361
-107283
6546
191382
-7428
-72333
57527
-51621
49286
109129
49837
160630
-17578
60396
27385
51518
-197295
180290
85868
-130772
32828
-135134
77510
-114403
191118
13027
143582
3643
-117915
-84475
116295
152334
-71280
9759
-33258
-73596
62573
-80516
-49132
-14737
-136120
8274
-29317
-32848
-114468
18448
196405
-38861
-157330
100598
113921
15037
-51524
-55156
196842
-38705
30891
-163849
44300
24698
127069
-125891
-60745
60536
-27035
-53012
-6158
-19120
-25326
58862
49100
-28179
-4347
-97679
-170772
135771
-11009
41220
-178843
174545
80052
65542
1784
-106276
154376
6892
-45207
193580
-90768
30659
-145678
68773
57173
-12575
-15197
-75730
129392
103923
-82704
-33688
147166
-160646
199457
-79731
-119921
40631
-17286
21137
58634
24856
27437
-83946
46262
-26817
103673
59867
120542
-135412
-131987
-53795
1720
113365
34058
-194378
171730
-112687
-85174
-66869
61175
18204
-48639
-44769
41004
145025
-127459
13694
-123956
35198
50802
15745
67157
-151542
164533
-65693
-142715
-187567
-139111
65752
102386
4496
-85640
-45945
-4079
39348
-6484
112335
-31588
-72364
36845
-699
68213
11023
54780
59944
-87869
-37114
-149530
-15812
66483
-25663
-614
43093
117384
-33704
116346
92888
117568
125996
148760
46486
-129652
-169078
4032
-43559
168417
-95554
60755
39440
-24006
-59240
-39352
-71326
15695
5437
82619
43473
-8831
72591
15955
70973
3096
141584
153476
-13507
107319
10914
-13025
-31234
48292
-90252
-8389
98522
-33763
-111549
99480
3251
51314
-99789
101364
55734
66170
-2928
-46365
-60082
59399
93466
-69830
-175404
113665
-145132
110512
135771
-181765
3420
-122875
35189
120455
-152007
-53847
-44134
113147
-172154
10606
-87682
-64971
-118342
23622
-32716
94229
85642
53334
-7712
-80428
86669
-101203
-4134
94750
69400
145319
75548
25708
-587
-322
-87244
35375
-110913
-73997
-71699
-185315
-106764
193357
-21679
-15997
-26761
-82531
-72681
-15786
-47458
-61003
4234
51945
-136935
78029
-179424
99728
-91891
-122197
49663
-9847
-25107
44674
99020
-11824
-22919
138289
139565
-12841
22735
72906
-158767
-139330
8203
54098
-16257
80950
-86138
-25447
-166418
-80253
-24121
169427
129245
-2191
109593
-69992
-135769
-71104
132641
171036
-83815
52978
-35952
-9019
25429
16287
91430
6391
62826
14990
135843
26724
-53932
81261
-125084
-3447
-179792
120220
-205636
87574
65492
-21234
-102857
158017
-59609
-96970
71000
-61217
65312
86162
20398
41327
6662
-14724
-18807
8153
16217
-26680
9973
15646
38450
41165
48341
73033
63806
-9025
92728
-126259
-36812
-155890
-58978
20485
-92991
-47842
12976
-589
35154
-89372
-48751
-173663
75674
-135097
-45444
92067
44722
9178
61576
-9996
50844
52092
-7506
-84928
2767
-17784
-67393
71501
-122471
-78456
-62868
38017
-85684
13731
164055
11564
-41751
97427
-25810
-42109
-103392
-66534
77161
-49626
-89393
34498
7259
-63411
13223
43182
-66423
79128
136414
120663
-13135
89127
-74945
6230
-103145
-12161
-110860
41132
80599
32159
43586
1806
57208
113667
20135
143243
35772
51567
46081
-15104
125454
61254
-38110
-51222
-4541
-123732
168073
38140
-12388
-15294
20917
-23176
6364
13836
-127213
48598
-61900
-1890
-58034
-59539
75207
22576
15598
147735
83118
23271
-66372
114885
65296
55059
28225
-109623
12351
79241
72212
-10992
20341
-39773
64966
52241
5276
-151084
59298
-154497
24335
-113603
158778
11805
-9094
7436
11459
65029
30837
23235
-28628
1791
55196
45401
-101418
-70282
107641
-5447
25638
-5349
-12854
-42665
29557
-59402
185997
100573
-2793
-112259
-172285
181629
-19883
-102968
104646
-75523
1568
35990
136681
-5801
-14703
-30306
-36398
37933
-20115
42743
-17572
-61172
-5632
-144928
67040
105402
-33493
-68088
-25027
122677
-172472
107661
-93792
-130357
9292
75297
-4396
96692
-9896
-43964
147848
-57397
-85856
123769
-104461
6216
37780
-19871
70202
159506
102212
-34760
-165318
58380
44886
715
29189
-172489
-77650
59477
127065
125459
-52949
-142998
-22773
-84192
-1024
20922
-143003
137635
-36132
-126047
-51745
-38046
102578
-45922
-90015
123269
-148192
173721
-52488
144173
-155184
49982
4274
-17373
-45912
190393
35468
178347
46618
5482
63926
124629
-107982
73392
-155226
-87490
-123656
-54075
-39008
139367
-71055
18727
-131162
-100938
2414
-170982
-64194
46269
138895
-91213
82308
146259
-106921
70368
-156757
-61225
270
33675
-129872
57815
28767
67107
63126
-69306
137290
21748
-11137
-86071
12381
578
57266
34153
45747
71624
50050
8579
116256
165342
-32648
-87264
26403
20682
-20034
41985
-56504
-134484
37629
66666
18633
-61741
121370
165470
15595
-95919
-15280
-10931
66027
-16433
-149818
-22071
112801
34669
95443
-46874
-63523
161881
2512
23057
117900
-111640
-70402
5726
71750
52931
114654
-51770
-129243
-136685
28826
97694
-120374
52002
-89995
-91458
-79379
-27563
28945
46051
-132587
-83087
38136
-10549
7568
-197769
-119495
77721
67454
-73974
-12084
-86573
-9726
6892
-155629
-1962
-54978
79336
-119938
-74795
-118863
9732
-83636
146808
-512
171663
43558
-91392
-16135
205993
-26966
16626
63525
42596
-89366
-84021
-73431
57033
-187802
26673
-88254
-118987
-62612
11674
-62578
-115439
-116681
-115418
-148236
-29496
-28993
18131
-13511
-154323
83785
-82644
-64034
207386
-77608
159286
112390
85065
16431
-132062
107329
119202
24505
148015
-65967
215097
-101456
-49668
-41029
139114
50028
-10412
52011
33400
-55218
-27130
-24552
-101240
-35987
-54997
9112
158802
-85486
62348
118942
-28097
-94227
-4031
-128996
70580
54582
-85828
6583
138049
77687
92032
-134771
-132266
-17301
3349
-137733
11963
-178808
-8331
-119451
35521
19950
45948
-135501
-26636
40920
-997
60784
-61643
-53343
-105858
-189105
-108972
-3166
-150545
-27381
-42436
-87591
30757
129235
-145131
75120
-124443
50107
-104728
27363
-34421
39637
21748
-35252
26892
-132733
-69360
-37522
147456
-171903
136071
-46138
-122944
-101998
-35230
-21030
37950
-92160
16313
-43351
-115785
-34317
-40010
-38697
-5036
133137
46809
-70129
-194331
24255
30765
-137053
58023
-57154
-75730
22543
-108898
27165
-43831
-69686
202091
110058
155718
18159
-176856
25891
-106940
-110479
72591
193145
-66660
-13091
4779
-32316
-61835
-26502
-69240
-32827
-55908
10274
-85612
-36922
-130834
-104372
-18304
