153742
163908
-142196
-93741
-101421
-119490
26355
65811
88864
18565
37178
-37624
16929
39317
34901
6304
4237
87846
-129983
18510
86504
-29639
-32748
-150901
-10105
-73347
12756
-40074
128911
9008
42659
-76376
34045
-54090
134499
185232
135266
-174238
-41126
34616
-34527
99380
-58375
40442
-72049
-33834
89154
20049
-10053
51089
-211568
-155086
73241
14350
-164571
-37907
-178103
173455
38318
109699
-28585
66210
-42474
-60075
12967
-97977
-40222
-66271
178656
-43887
94201
3945
-25871
63222
-156152
158617
18842
-57756
-30790
80339
-61774
-135706
145294
-137769
-162027
-15841
-30070
45708
105231
52887
-67093
8020
-104012
-58880
954
71983
-24014
-56358
-108147
-62572
-3945
183361
-107283
6546
191382
-7428
-72333
57527
-51621
49286
109129
49837
160630
-17578
60396
27385
51518
-197295
180290
85868
-130772
32828
-135134
77510
-114403
191118
13027
143582
3643
-117915
-84475
116295
152334
-71280
9759
-33258
-73596
62573
-80516
-49132
-14737
-136120
8274
-29317
-32848
-114468
18448
196405
-38861
-157330
100598
113921
15037
-51524
-55156
196842
-38705
30891
-163849
44300
24698
127069
-125891
-60745
60536
-27035
-53012
-6158
-19120
-25326
58862
49100
-28179
-4347
-97679
-170772
135771
-11009
41220
-178843
174545
80052
65542
1784
-106276
154376
6892
-45207
193580
-90768
30659
-145678
68773
57173
-12575
-15197
-75730
129392
103923
-82704
-33688
147166
-160646
199457
-79731
-119921
40631
-17286
21137
58634
24856
27437
-83946
46262
-26817
103673
59867
120542
-135412
-131987
-53795
1720
113365
34058
-194378
171730
-112687
-85174
-66869
61175
18204
-48639
-44769
41004
145025
-127459
13694
-123956
35198
50802
15745
67157
-151542
164533
-65693
-142715
-187567
-139111
65752
102386
4496
-85640
-45945
-4079
39348
-6484
112335
-31588
-72364
36845
-699
68213
11023
54780
59944
-87869
-37114
-149530
-15812
66483
-25663
-614
43093
117384
-33704
116346
92888
117568
125996
148760
46486
-129652
-169078
4032
-43559
168417
-95554
60755
39440
-24006
-59240
-39352
-71326
15695
5437
82619
43473
-8831
72591
15955
70973
3096
141584
153476
-13507
107319
10914
-13025
-31234
48292
-90252
-8389
98522
-33763
-111549
99480
3251
51314
-99789
101364
55734
66170
-2928
-46365
-60082
59399
93466
-69830
-175404
113665
-145132
110512
135771
-181765
3420
-122875
35189
120455
-152007
-53847
-44134
113147
-172154
10606
-87682
-64971
-118342
23622
-32716
94229
85642
53334
-7712
-80428
86669
-101203
-4134
94750
69400
145319
75548
25708
-587
-322
-87244
35375
-110913
-73997
-71699
-185315
-106764
193357
-21679
-15997
-26761
-82531
-72681
-15786
-47458
-61003
4234
51945
-136935
78029
-179424
99728
-91891
-122197
49663
-9847
-25107
44674
99020
-11824
-22919
138289
139565
-12841
22735
72906
-158767
-139330
8203
54098
-16257
80950
-86138
-25447
-166418
-80253
-24121
169427
129245
-2191
109593
-69992
-135769
-71104
132641
171036
-83815
52978
-35952
-9019
25429
16287
91430
6391
62826
14990
135843
26724
-53932
81261
-125084
-3447
-179792
120220
-205636
87574
65492
-21234
-102857
158017
-59609
-96970
71000
-61217
65312
86162
20398
41327
6662
-14724
-18807
8153
16217
-26680
9973
15646
38450
41165
48341
73033
63806
-9025
92728
-126259
-36812
-155890
-58978
20485
-92991
-47842
12976
-589
35154
-89372
-48751
-173663
75674
-135097
-45444
92067
44722
9178
61576
-9996
50844
52092
-7506
-84928
2767
-17784
-67393
71501
-122471
-78456
-62868
38017
-85684
13731
164055
11564
-41751
97427
-25810
-42109
-103392
-66534
77161
-49626
-89393
34498
7259
-63411
13223
43182
-66423
79128
136414
120663
-13135
89127
-74945
6230
-103145
-12161
-110860
41132
80599
32159
43586
1806
57208
113667
20135
143243
35772
51567
46081
-15104
125454
61254
-38110
-51222
-4541
-123732
168073
38140
-12388
-15294
20917
-23176
6364
13836
-127213
48598
-61900
-1890
-58034
-59539
75207
22576
15598
147735
83118
23271
-66372
114885
65296
55059
28225
-109623
12351
79241
72212
-10992
20341
-39773
64966
52241
5276
-151084
59298
-154497
24335
-113603
158778
11805
-9094
7436
11459
65029
30837
23235
-28628
1791
55196
45401
-101418
-70282
107641
-5447
25638
-5349
-12854
-42665
29557
-59402
185997
100573
-2793
-112259
-172285
181629
-19883
-102968
104646
-75523
1568
35990
136681
-5801
-14703
-30306
-36398
37933
-20115
42743
-17572
-61172
-5632
-144928
67040
105402
-33493
-68088
-25027
122677
-172472
107661
-93792
-130357
9292
75297
-4396
96692
-9896
-43964
147848
-57397
-85856
123769
-104461
6216
37780
-19871
70202
159506
102212
-34760
-165318
58380
44886
715
29189
-172489
-77650
59477
127065
125459
-52949
-142998
-22773
-84192
-1024
20922
-143003
137635
-36132
-126047
-51745
-38046
102578
-45922
-90015
123269
-148192
173721
-52488
144173
-155184
49982
4274
-17373
-45912
190393
35468
178347
46618
5482
63926
124629
-107982
73392
-155226
-87490
-123656
-54075
-39008
139367
-71055
18727
-131162
-100938
2414
-170982
-64194
46269
138895
-91213
82308
146259
-106921
70368
-156757
-61225
270
33675
-129872
57815
28767
67107
63126
-69306
137290
21748
-11137
-86071
12381
578
57266
34153
45747
71624
50050
8579
116256
165342
-32648
-87264
26403
20682
-20034
41985
-56504
-134484
37629
66666
18633
-61741
121370
165470
15595
-95919
-15280
-10931
66027
-16433
-149818
-22071
112801
34669
95443
-46874
-63523
161881
2512
23057
117900
-111640
-70402
5726
71750
52931
114654
-51770
-129243
-136685
28826
97694
-120374
52002
-89995
-91458
-79379
-27563
28945
46051
-132587
-83087
38136
-10549
7568
-197769
-119495
77721
67454
-73974
-12084
-86573
-9726
6892
-155629
-1962
-54978
79336
-119938
-74795
-118863
9732
-83636
146808
-512
171663
43558
-91392
-16135
205993
-26966
16626
63525
42596
-89366
-84021
-73431
57033
-187802
26673
-88254
-118987
-62612
11674
-62578
-115439
-116681
-115418
-148236
-29496
-28993
18131
-13511
-154323
83785
-82644
-64034
207386
-77608
159286
112390
85065
16431
-132062
107329
119202
24505
148015
-65967
215097
-101456
-49668
-41029
139114
50028
-10412
52011
33400
-55218
-27130
-24552
-101240
-35987
-54997
9112
158802
-85486
62348
118942
-28097
-94227
-4031
-128996
70580
54582
-85828
6583
138049
77687
92032
-134771
-132266
-17301
3349
-137733
11963
-178808
-8331
-119451
35521
19950
45948
-135501
-26636
40920
-997
60784
-61643
-53343
-105858
-189105
-108972
-3166
-150545
-27381
-42436
-87591
30757
129235
-145131
75120
-124443
50107
-104728
27363
-34421
39637
21748
-35252
26892
-132733
-69360
-37522
147456
-171903
136071
-46138
-122944
-101998
-35230
-21030
37950
-92160
16313
-43351
-115785
-34317
-40010
-38697
-5036
133137
46809
-70129
-194331
24255
30765
-137053
58023
-57154
-75730
22543
-108898
27165
-43831
-69686
202091
110058
155718
18159
-176856
25891
-106940
-110479
72591
193145
-66660
-13091
4779
-32316
-61835
-26502
-69240
-32827
-55908
10274
-85612
-36922
-130834
-104372
-18304
-140693
-20529
-71651
-58919
49139
-109800
-124738
82594
37486
13217
42785
-175206
139565
16662
-170596
19931
-189956
18076
-210738
-674
69052
-58502
-65469
4704
-4868
20293
5036
135530
-108346
-141463
-6428
28611
44914
-95124
-17324
-134794
61180
29917
-22706
-33441
6263
123966
88410
2314
-4545
2656
107743
-30186
77066
-8102
-15355
15503
-42021
101080
-102221
156854
-40276
17650
44895
99789
2776
-14693
69864
133051
-85336
107418
-35059
11503
-85844
-7849
-147878
58439
-105706
-64272
-153215
39174
-54325
15914
-122382
-19657
174764
-138744
30176
-18422
-161177
-12884
43322
-14783
-30761
-81876
-73574
-37195
37160
-142159
80105
-1021
-162419
-20862
-98523
-52336
69589
-60916
-59395
-158695
-56429
178585
-32304
-54514
-126467
-19143
-86069
75668
-96210
-57017
-53696
65218
19268
-154891
-123534
52917
127738
-121866
-1441
43930
-81112
-57453
176900
32866
156535
-161889
-94683
91717
142030
-69745
76128
103249
44801
-90796
-119488
107709
-7688
-15850
-169149
47899
-42062
-107910
-149829
104855
130677
-58960
-145464
-16756
103255
66338
-104517
-42584
-75287
-43050
-44579
-49893
-146936
113923
94399
-5440
-30129
-9134
-173896
-83485
83536
100403
-148024
129677
-57967
-63209
-101859
-149545
69937
100556
-51632
-7473
-94303
159595
39828
-63697
-7968
140374
-334
13744
14505
-24134
-25622
-105211
7895
-75129
189684
43181
-150935
-574
-70839
91865
115081
18253
63438
-20008
-1093
107547
172781
4204
181963
52053
66909
-31466
-103361
-194133
-8930
-114698
-193717
-13344
107645
22223
-46845
94260
72910
-1402
-17426
-75933
60944
-35126
-28290
135861
57271
-55464
-129478
37233
91783
34514
84753
-80911
38299
102630
146690
-214757
-14859
-116952
-82562
14328
15623
-37904
72220
70270
-3463
-137188
122087
19086
150839
-32197
171374
-171754
-170773
-110283
-56054
153122
56351
114892
68555
-8868
197609
-133661
99603
-187618
52355
15122
-117313
-42560
-136278
-3278
61630
27122
-24919
122803
-187059
-72905
156622
175368
-52993
-6278
39604
50281
-34799
-165477
-736
-55334
42991
-57196
49201
-16747
8217
1460
-22279
-1591
23750
-37825
-20117
119618
139817
88656
-38450
-36665
11080
-9868
-13516
82205
39112
-858
-66604
-135427
53735
-113683
79481
-1075
29057
-39662
-5205
-18309
76924
-91168
69576
-62663
57374
57168
-9518
121727
-103273
-52640
-14340
-95632
2000
-3690
51958
-30853
-54758
49181
30211
-126765
143133
-44669
108930
17819
-37746
-23728
-132520
66570
-45695
115231
10784
-52364
-23281
-101815
59325
-16423
153162
-43535
-83673
19268
-109087
-122901
7195
-133534
-32586
-3886
163291
-5595
-49093
62093
147368
136600
45788
45485
5067
-179749
-91287
-71005
-34879
99226
60053
65130
15110
50508
151522
121992
-153911
152403
49643
183073
-148083
-8101
-168975
45440
-13940
-72660
115204
165557
-16407
-148171
1537
67950
-130526
59110
75660
-78312
186884
34948
-139080
-34432
18496
-37287
45537
62639
38180
-140061
-108606
40888
47554
16510
97454
-161202
-57532
-91816
78187
-23240
-80353
2335
22748
-120172
-113846
-61569
-2231
90993
23974
-25113
27101
-17410
-136371
90210
76574
75730
-1300
16227
-67357
-48225
53538
-29386
-43233
-72536
-67997
90688
101002
140351
-43253
78017
38982
-125583
-34508
-9765
-51401
89861
98135
-96187
-204411
26381
68711
99213
76722
-59576
75662
157235
32196
-58875
9744
-178850
6599
-38366
-139397
-63119
54454
22798
-41180
38449
-38780
-65132
114350
139668
43826
72502
-138685
57388
-7009
116869
75089
128412
16107
16064
28993
97422
97151
-110121
-30612
29251
100916
59469
-6971
139745
6603
51026
-35472
159171
60560
28056
48418
-61192
-25325
-53872
-60843
60202
40228
-10519
80285
-43053
2189
155122
47195
51722
-47421
45473
-65767
-114302
-99373
181022
64428
20699
-3497
114641
59462
11938
25193
-44115
-155277
81426
-4455
-8223
-74386
62508
-51377
62001
188882
184314
-108705
-74889
-9620
98343
120007
-166302
-50618
68284
-144030
67167
47331
-937
-78746
19378
799
-6113
-61740
-115729
21825
-20657
192078
-71804
130351
21920
144085
-159647
159369
-22713
-112568
825
-100464
-66831
-160747
66439
-188371
120810
60127
-50475
-84617
-101684
-70971
6366
39859
95774
77732
-196644
-19660
-2750
45313
-33110
-17852
11503
-145339
194008
133566
26783
-25139
-74937
107280
59040
-130180
43136
-182727
85653
82470
-12671
-123680
47441
16260
109587
9876
-16499
-61758
109672
-7307
156286
13982
-31454
116123
-4646
-71872
-53653
-10729
114797
53903
63196
-155495
-34669
75770
-112593
-57226
-22745
107054
77041
205587
46260
-70658
-73552
-32778
-99299
-100863
-109657
-162389
-54896
49078
58157
106078
-6591
-25815
-51557
127478
67924
79892
9418
14246
5901
-137193
141314
-74767
-34988
-15612
77952
96119
8550
-72989
7573
136234
65687
2336
-13790
188715
-30545
-8816
150437
-69130
26034
-16758
-168916
-11413
106743
201891
-83320
-158666
113967
-64790
154149
-37026
91147
20955
10345
-16155
71738
9086
-58481
-12248
-43132
-68933
27113
28623
8788
-40053
-136883
97344
-75978
-18583
48638
-13679
33303
52372
-93871
-180926
73240
35412
-3396
91511
-72151
95472
-75007
-91359
47566
93051
-99764
-135690
35834
81862
-122068
-9600
5418
-51935
-65981
61308
-87528
-55229
50026
58440
-20935
-50469
34306
40230
80455
-71084
-12989
-100615
25174
150710
-3778
-93332
28767
130214
2242
103127
-191541
170070
9850
148395
-176183
-21391
-54344
118906
102103
10966
-87155
-23157
28659
173821
10083
48149
56145
32767
15993
157016
-12652
-96116
-75862
114242
-61489
-27371
-118747
74988
128900
98780
-162394
28284
36539
52783
-155991
153779
-75888
-138615
20735
-45960
-107160
29682
10364
-13277
-41290
91195
4491
21783
81822
-81853
-85351
139373
-37411
-179107
33082
44713
60654
-24411
168991
-37172
-17537
107125
8178
81460
-106663
93834
-59381
-52397
-4155
11608
-29987
-172044
-125254
-174054
-166636
-44221
53811
-84301
49392
-17504
200659
90394
-30459
-52931
-107056
45426
-146419
61755
-86755
49310
-129190
24789
-151912
24052
-77150
178184
-10922
71500
75335
-162184
-62895
108169
47108
29653
103985
95981
109814
-36796
152869
-50183
-202339
131722
5260
64304
90410
-112342
-104967
50770
-14032
-62320
-146883
-90375
-3348
-93177
-134499
-71663
-21435
-44863
108958
-109718
-64088
-182962
-64217
-4205
96043
171478
3941
15457
43927
-54227
-84510
-19465
1687
-53005
136053
39436
-39660
-116574
-51919
37793
39838
-195990
-45483
36101
-6462
-17947
-157344
68231
20640
-52681
12263
38446
68670
9881
59953
50931
-97294
-71408
-97035
-57612
11525
49703
24292
6631
-54773
-118059
-9330
-82752
51344
98243
86785
-83754
-33658
84219
-111418
110063
5831
127398
93331
-27779
106737
-87963
62060
-797
97868
-152721
-78235
-41142
-42475
24097
93288
140307
-20885
-26110
-150102
204762
-26366
-35239
34278
-83361
-11689
-53336
42429
-69050
-164816
-77049
12029
-50050
-56789
-21629
-125421
-50282
-31098
-127047
-21054
159932
-66487
25892
29372
-119938
8276
-28952
47014
16027
-5225
14029
-12444
32914
172042
-21909
-44113
-176970
51616
-1276
-102017
57478
-61943
-90697
2693
-72670
-80398
-74042
-98393
193487
-146983
78577
-51882
38265
-52045
-33788
-128597
-100071
-142679
53775
82982
-50902
-45778
-194649
97534
-81144
-60556
-56647
-51905
-89460
44685
-4499
38439
-137553
148992
25295
-118320
-206298
-106534
-4634
88318
185420
-33692
80501
12015
-4285
177886
52337
39573
70456
-186659
-15723
921
56591
-128938
-95426
13615
-72420
-23168
-182354
-57439
138293
-153256
-79383
88779
176431
-23154
127359
-43568
-28696
-38049
117121
-144854
139468
5629
-102412
144337
-1103
54244
148451
-188813
-21492
77055
53947
-41332
21434
28478
-90561
143061
-77397
52829
54484
131116
-27709
-127994
-51873
-150053
89178
40184
-95901
41701
113073
48424
52636
50333
-170718
-58717
34860
-14841
-93141
-142706
-82109
180630
-10873
-14244
-20341
155699
-48615
24929
2712
62326
7738
-53846
-105264
-140616
924
-141904
164568
-7302
102074
-18049
-167139
131543
-134468
183321
29096
127548
99991
112835
-111865
72595
66778
-1311
43383
21842
133291
69984
119801
-73641
15505
176946
177013
58020
105079
28542
43436
-77442
-18967
122715
-21221
177230
22770
-91985
22617
-21614
-3992
-62412
45840
-50034
18081
81339
89848
80501
113
-117323
110590
-133615
-30268
-55534
69457
5969
-110616
30134
52527
-18438
124355
-51927
166398
-75670
-1417
-41075
-79134
60569
-32647
-150782
43110
-43653
-42708
-39122
37147
-21742
47288
49110
85409
21104
-34952
-78915
-56123
80793
73113
207331
136665
-131389
3491
-73264
-69581
7953
127039
-121499
-125751
-171128
-48775
19275
-53545
150582
-14454
-44618
25715
-128082
52486
-44492
-90838
179087
6087
43773
-158482
-120433
-26041
101244
-67629
64721
-48551
52597
43276
137896
26522
43161
-90488
-116531
95931
127114
955
-55922
109261
98635
-192796
-14420
78236
19726
83296
85725
68356
31627
85520
13573
-53286
-14449
9850
-84001
-76738
65443
52869
150592
92718
-20072
-1694
-20292
18709
-46370
26053
17790
35405
-100415
75032
-161178
-75179
56014
58556
-75586
18032
48834
-23411
14918
-44135
83569
22840
99201
-110448
-71263
-55316
48743
193426
-2653
-18899
-47148
-21646
126978
77870
-195805
30394
24104
-34286
57470
-83142
-115090
-4098
49498
-173960
-41598
-60084
-54739
94578
-14766
43916
-81569
9440
15201
-46941
134042
-93412
-145637
-85986
131920
160
-51904
-39007
7888
-150283
104832
210361
104356
-526
-28758
-122318
76273
15491
59559
53404
40513
79272
-127958
-82456
-16129
-41787
83512
-41011
74762
-3221
46563
46336
-11520
-78446
109153
-100998
132222
-1065
-103830
62912
12620
-85233
-38809
11564
-6291
60044
-127738
-121779
81300
48070
125056
93954
19988
31873
-125539
154493
100200
42609
11925
58116
-4149
4287
177799
-118073
-59604
49594
-90177
-7827
36008
130861
-2376
-24083
-23659
158828
-106805
-108076
-23330
-15494
7449
-42052
169259
-150848
40928
-31011
9259
-163608
-185898
-68190
-12741
60453
49134
16699
-94775
203452
163726
200457
-20467
-21338
-123581
4550
62288
-167642
-105328
-117227
-157
-93340
38549
38305
84779
83617
-7854
82225
-48291
-36975
-81756
-46404
-112138
99046
173337
62342
64019
108017
73960
31291
98023
103724
22864
58003
11262
-16546
-69092
-9927
-115789
58920
140335
-103262
-34313
-190246
139607
-44466
7279
-120067
69559
28926
49169
-27635
-76674
-59231
171781
-19356
-126521
12879
78949
-7026
99075
20108
-146469
15277
82353
32753
-15904
-40528
167711
76428
-2764
79790
78861
-34652
-116865
-40832
-161879
-64011
-99024
-126345
9544
-44448
-36706
12380
40233
6980
45986
28334
-185000
38480
49727
-38681
-111424
75047
-56099
-61705
-1763
93145
3306
-194006
9766
-142532
12209
121288
63755
-105240
-178029
41768
1053
98775
114379
53789
9266
63599
125394
-45009
16000
140028
-34957
20622
4399
-57879
-26134
-26655
67594
-3576
-74202
-71223
42216
-132215
54024
26823
-2435
139563
41771
816
109424
-59006
85498
-17478
123400
-192007
5555
4903
162546
152479
-87584
-142164
-67333
-157750
120735
75840
127513
-143895
29825
36436
13536
-162928
-52186
42351
-33231
-105178
-149907
74306
-56540
-139790
-76596
-67457
84673
129491
92774
16351
-137564
93094
35939
40056
-164494
80055
-3658
-158589
-25407
3074
102593
-27619
151313
-7790
-128589
-187877
125463
75082
14347
-9332
-170314
-159723
-188168
44294
18136
-28267
-57215
-164195
12672
-3327
-123990
-65854
187801
60145
-78857
33873
-34294
-175
194900
81256
-12843
47624
847
-3524
-6157
128514
41295
128029
-111388
89031
-69219
188992
73973
10446
206185
162862
14824
6149
-15186
-109333
-207109
121456
35443
84503
7272
-1244
-16186
30302
99428
-76134
-35889
48324
-144464
-16967
-88725
84475
-43443
-80488
-100782
119447
172388
-41342
-137358
-58866
-92154
72229
-131592
-29159
180341
-91544
104371
14943
53512
-93493
40359
11501
85384
87289
-59774
-5841
81675
14750
58596
-138665
28778
24696
-96959
46640
-113273
15769
-100267
-50713
41217
-38388
-105451
120439
3201
-77993
-67335
-9883
-104039
-37796
-15940
48458
111444
6321
-42850
36184
-129231
-10901
-15713
-171716
108056
-54059
-95215
292
88084
-15280
77874
-90088
-30925
-22158
66931
-68520
17827
79460
-152861
54180
-24732
-36965
113037
-124508
-56840
72640
105820
-12438
-20361
-115620
5808
130608
459
-54720
116398
-107112
146114
-57614
52138
174034
-40822
-124513
136236
61751
-132949
-31871
-195961
84728
-35279
95267
-120221
159695
-100394
-69799
195588
18842
-24587
166342
-25448
-104612
-127434
-2106
116369
-182794
47012
18583
61765
88131
15566
23740
-10218
-23934
-32100
-121771
-124759
-12637
87429
61865
122026
-52545
65295
-186648
-110995
5631
-37657
-128139
-19476
-27631
-31362
27732
-18352
86799
131397
123549
-102097
-170683
78809
-64515
-72300
-80363
159098
50027
109047
-29201
-22303
-21793
-81724
98167
8775
-25416
65899
-93251
-79703
-28921
-22038
-195162
26720
-19721
-97371
92177
-1209
-44071
172970
74393
-32724
88978
-82270
111710
46522
-61560
120903
29435
-61870
57866
5092
40073
-43368
-154617
41272
-98130
49805
-62013
21339
-43677
127362
-164393
184425
-4360
-18014
-26579
79716
-92683
-185378
4578
-128702
-82853
38248
-186642
-187068
-172899
-150533
184819
54578
-41663
-185779
72622
103191
84434
-43392
39098
128713
-78660
77515
66340
-81885
104830
128806
53552
-188999
82664
-140371
72016
112521
-21397
-159526
168450
102910
-16133
-52203
-78718
-111528
19422
-90965
-29216
-59840
33297
46243
-113446
159789
-135021
-75297
11930
-15532
-7678
-76440
525
-168005
-69413
63253
-134277
59664
106628
-105628
3871
91048
-3999
-9676
136826
-7877
122796
106359
-59667
-72617
-2723
-77098
60212
-88649
9987
41225
-59036
-127631
-45069
94986
20947
-32805
-118546
-5882
80460
81149
152065
-114517
76530
-17406
-14919
-30641
-10683
21765
-30506
179690
-84887
-18658
-108295
168383
126786
11008
-131758
-185492
-29814
-134145
-178081
-87790
12212
-35370
22631
-77557
98380
-104757
-116425
76966
-98549
-77306
45926
-189827
91387
49003
-112997
25611
-56587
64691
-190761
-193041
-37582
-5579
39464
-111972
157072
95129
-68215
-19001
-123035
62886
40193
56873
122920
163235
-77158
-67730
-72024
175872
154137
-44347
-49447
102804
57343
18974
59210
120757
28357
4795
-38853
-71099
-73216
54268
121649
-145299
-36299
45133
-62112
-35888
140124
-85948
103351
55590
-31014
-21796
62697
76792
-46439
4369
-58409
24660
-64621
120722
-90704
-106227
-15624
20463
95605
-24398
-61064
177339
58910
-34999
82007
-103174
-87412
136199
-125650
5014
150015
54555
37160
-18553
-141673
-99065
73409
118321
49330
74193
65992
100180
140514
107228
27313
80072
64603
-12368
148715
-167826
-29821
114726
-8658
39634
-42617
22769
59622
5911
35633
-146647
85733
-99499
5606
-32782
27736
-8495
-153211
53836
-137345
70001
96320
-56324
10501
-156100
-26103
-9375
69569
-25155
21607
-83015
33611
-57091
-93638
58162
-60440
2727
181568
156729
-128903
-20574
-57827
-134722
-41729
137634
104011
-41600
-731
-20655
98744
120776
-90460
130324
84955
80508
120800
-75497
23202
25172
3506
-168967
-191121
-73152
131831
-28464
-74464
163895
-143319
-53597
132560
-66566
-134272
-16017
-36014
159620
-18575
101344
12424
171454
91362
40452
-13616
-91208
61917
-2766
-47609
-138863
-106414
170798
-80682
-6604
-18855
4384
-117704
51510
-67991
79982
116078
109239
15348
-130062
206104
139555
39257
-11980
2579
-149946
86141
-21418
45238
101822
-39784
3744
69982
-61583
171776
-11391
-13832
69463
-26023
-27797
125996
51398
19966
-92174
49554
-31735
-108418
-47284
-136662
156063
109533
78098
-48688
27449
-125173
45945
-43107
-40728
166106
-147877
148398
82758
131756
-45440
-147172
-87166
138310
109343
-152890
64758
89413
45796
89011
128920
-69920
-44209
58241
61679
-131229
-32615
142806
-41927
-71858
204715
-63048
-22878
31378
-53974
100299
167642
19407
41651
-81006
-2393
97175
-1854
185820
-57826
85339
-171325
55438
-29573
-17254
47896
-36553
80840
-194093
66550
14560
-54165
-71666
106950
107762
50191
-69872
89432
-34009
68648
-76842
11481
-60915
-7924
138515
34606
-41641
-19598
-92712
74139
99204
-34088
62525
-86768
-45737
-52236
184408
196701
160355
-106373
-107951
34017
-7444
-11689
97551
32027
131313
135957
-87039
-130137
66215
-122366
-29552
118623
6941
-16033
-44010
-132738
31894
-75387
-110420
54089
-3377
-70487
-187227
-76303
127584
-31575
-138100
103263
-51411
-6436
14520
32925
2942
-55960
29963
57340
69396
-141495
-50776
-153238
42814
84125
74039
-89667
42323
64050
-71739
-29954
-22107
-50504
-84512
-56443
-125116
51190
65135
-46729
20706
153307
48586
-114100
-59431
-74640
-4860
86651
-179891
103404
-90564
-29666
119814
-74585
-53425
-15156
-49653
79270
-88666
-16902
34686
-145523
21093
108095
47783
143176
-38246
115834
1104
28438
65738
-194856
131126
114501
88671
50184
85081
-138635
48307
22229
93344
-150674
-22122
-21116
-112849
-32999
123676
-122154
-110457
-4190
-65680
205089
176025
84460
-37857
-42088
164671
189684
-5880
-63163
-36594
64944
27816
-23474
-21366
-73301
126577
86524
128336
28126
-105383
187098
-2011
61847
-44744
15208
-9647
154295
-104518
151784
64781
-76643
-37059
-17871
27345
-42478
-47536
45958
181472
-28756
10088
-137255
-70490
48475
6575
86120
83221
102606
199220
-41997
118162
-52150
13556
-21077
27618
-133610
78805
32689
-155950
-134087
-103674
130986
71342
-119463
-28486
-48290
69318
-200295
-122127
-38423
3217
-167720
121651
-68404
64729
120552
-101280
-65756
-33530
18816
-102272
136826
-145398
103472
89909
62501
10996
164479
-4975
-71956
147804
-40685
130040
97510
-10020
134340
36302
85708
-93148
70419
133797
35766
18364
129999
-33173
-82315
99056
61734
93609
-89171
121461
3888
-59520
61859
-45641
123400
-180891
66047
-51307
135879
53529
78285
-74851
23135
134761
-6997
99852
-82630
-68839
-137984
145986
-175794
104000
-148719
-28891
-5912
32596
51316
37341
-16396
128731
50660
-189955
-20642
-163689
-19408
-90549
-5359
29404
-62042
58180
-48863
-45565
-51483
-64557
-26313
24047
-52527
-23982
66125
61800
-79538
17064
-68072
-96814
117616
83121
205703
200405
143284
-34107
38524
-118398
42988
-41871
-44251
27678
-51196
78913
125337
39031
-48216
5269
-69614
10543
-38353
-15243
21657
-12253
6006
103393
-22166
106842
-3908
-12960
180207
-82983
19772
-38381
83868
-73762
198322
-68627
-125250
2345
-118343
11028
130851
-37184
-97917
135916
20784
167643
-43249
79329
5653
-49724
-39990
-63087
-182121
-190642
-162555
56176
195047
-56086
18956
-4125
55441
104891
89476
-61872
949
21402
122256
116996
-39997
37818
-118980
-17854
127706
-111844
150010
-151261
121956
-35415
-18247
61249
-131680
-82222
-96149
45768
96898
78733
-114706
98683
29147
156070
130455
-48630
-103795
99174
9246
123368
-202901
-183752
-57513
-54196
5719
63689
-42029
52910
-140037
-41241
51825
46224
98968
-25289
-11264
-67469
181372
5889
38202
8209
11351
18601
133975
178713
-63255
-74393
13892
-48840
161726
-63845
-26407
-99839
-30103
-122678
102395
-47974
117356
-56761
13215
-5494
134564
24698
-82849
-45710
15512
-22503
90866
-77800
-104809
-1052
85351
7420
98524
-53424
43883
25568
-42403
-37658
-38495
168118
-59968
-65410
190356
-99171
-178363
94196
-20218
172854
87335
-60387
58626
12044
-71009
-76407
-45045
42654
15123
-58907
97743
46185
-79465
-92354
136206
111026
-82361
82368
130092
39693
82410
-6968
-29989
121902
-60000
53987
-93042
27700
-40050
-97411
-49364
20183
86756
62903
172850
-147639
-104445
31636
110012
107323
65692
-205547
203495
6248
-54623
72162
-107358
-86265
-8170
5117
112194
110978
189
-11921
-86244
13128
-145202
87147
35876
-113147
13206
-136408
-89011
-50294
182885
48469
-7862
-92486
142458
-153967
115449
33339
137628
-86534
-37568
115082
26694
20222
78167
72884
38826
-1893
73866
-31493
122065
64989
196667
16682
-139005
35638
-138357
-136105
-104837
55288
-112077
-9320
-48214
-146670
-125309
78782
-26190
-52482
27232
-123763
36634
69435
-26995
163437
161602
-52083
130405
-48910
65288
-120552
31368
-101220
-27572
-10489
-67892
91388
126254
-103936
63298
7735
152458
-4257
117551
-41160
-111294
-23717
82723
-14031
-25017
-5678
20516
-79253
-184926
-128715
-104739
147685
-118467
-67201
-57876
56304
-156282
-99208
7221
165955
5651
-58257
-40868
99842
-119637
-60440
-34880
12563
66681
-50304
-58855
24341
9341
-182912
-131545
48748
45028
142403
-6769
-56917
19763
-5875
-7642
70842
-33448
-20457
-31930
-157120
-27361
112657
71098
-62715
-121109
-113194
-79789
87188
10676
59658
-80554
-23280
7470
-145278
-35449
-40657
53928
41562
-186209
-46661
22381
187307
-95031
164666
65823
-2640
29791
6669
-53410
-34191
-67556
-150213
18967
-122924
29724
-117302
-144684
-112115
-128772
84406
85885
56651
-59807
137268
157822
-52971
-79833
61314
-137051
-115034
-78853
-70449
127747
38018
-166228
10757
11304
56651
74661
111375
38749
-84202
-29117
83703
50668
-95381
-26937
43817
-118789
-123624
31979
-104433
68167
28831
-52820
-116912
149697
-110741
-82620
117453
-119217
-63357
-114155
65497
-110067
98154
-105610
-109337
-4328
169164
-99515
-45261
88963
-36867
129142
40402
-132501
7260
129817
7080
104085
-72620
7544
112517
-139910
-68701
154770
26999
12500
8420
47840
-69987
10492
6429
27158
-9178
-129827
-11205
-28703
-62976
44104
-5626
116473
-34825
-74687
-92523
-54809
-17441
-50252
36838
-87778
80897
-18431
-86995
118365
57301
-18248
-118111
-41771
-139506
85941
93528
99915
-114179
-93343
-75406
6347
34135
31010
-10548
-92243
-103953
-174527
-17782
-28722
111867
149402
-24071
12512
-32333
56176
11018
108223
18938
-21873
-60491
43932
-9721
161091
-31332
121409
-68494
-135005
9135
43252
143677
108624
-44938
118032
6595
175434
-53708
51505
-35521
-3696
17258
-159928
-75288
10721
79536
-115840
82099
-1493
-816
28616
-134288
3383
-18350
85018
17578
78356
-4979
-180795
-42161
-12316
50563
-27288
73190
77679
59020
-24987
183383
-132397
-95953
73944
44686
104555
17440
-71769
54487
-30812
143095
-24964
-23680
-27038
-65754
42135
-144098
28971
138179
107730
-20426
117794
-13713
59351
108716
31741
18419
20312
-75476
-58403
-52456
-62260
-32355
-46902
18584
18506
-119756
67400
170246
-31300
128066
27643
37562
-92482
126445
-3216
98212
28679
-25240
1102
178234
-37078
68533
41435
-127058
43300
103633
132734
33581
204785
104147
77278
-63970
-72510
92150
-122145
-64054
153472
190055
-54678
114443
-6347
84745
75263
-24036
115747
82263
-64138
-32479
-66316
-26540
-154050
-8057
33642
56
-106601
25579
-94392
122017
27746
55288
-86853
3155
132603
-58484
63609
-4325
-171940
17612
135751
15552
137744
-40916
-75557
-43627
-33813
-18825
70227
-60425
-41471
12574
45574
42419
89589
149043
-116484
-153462
-83930
-24262
-1519
205017
15779
-35712
143885
-98731
57149
98525
-40801
67881
-84376
-72485
13949
50285
139925
26185
-58290
-144043
112549
159138
34263
-39755
-72304
32033
47559
151974
108615
22640
-7092
121480
-209516
38796
-14586
18422
-24964
-171863
-162683
-148824
114256
105571
-13829
6811
81398
-80475
-156887
9209
-44728
52612
-86039
-121928
-7830
180105
11178
185684
104128
-19223
5973
3349
-69756
76921
-82029
-45771
-14422
-10556
156944
-19615
19919
26422
-51947
66610
78047
117007
-174736
117768
-41556
-48425
-139231
-34054
-2731
11952
81761
9932
-87304
-35976
53085
113
-164209
-15614
85695
80782
19230
-9899
112184
-37002
-100597
-35067
-1386
-79513
1647
33258
-18130
-92240
-10720
-186705
-184808
119293
127803
43734
-182209
-71530
-68960
100014
-101379
-144226
60379
20398
95852
-26758
-30867
137255
2631
-162571
-97071
158584
-180410
-35316
185311
-116424
-59326
-152695
94797
123873
-106932
-100788
26098
142381
-2761
-104506
-110466
-120030
126837
-101911
-65448
102083
-8674
-148680
6216
-48458
-203
-54494
100737
5951
-107492
-166147
-23657
-52799
2582
60789
29390
-91191
-29475
20163
49966
-121117
4030
87921
19249
-20325
-112110
-58140
-144919
-3930
-84885
5876
49848
-138155
-62137
-52547
2671
-44832
-156128
-93232
-50179
1473
7506
-9476
42534
17817
-36560
-60001
3367
141948
-3214
17022
-6970
-25430
83261
46179
-78029
74403
198633
109178
22962
98523
-73744
-90531
-71953
-60345
-8768
-87195
-12452
-121005
161659
44119
-7091
-81441
56625
-6487
-117654
104539
-32242
192462
73484
-153234
-130861
111559
-25004
55340
-44529
-110872
-61429
-20562
96456
-151
91051
-61498
-2359
48549
82665
-61311
63308
13431
-54663
82809
-35157
-21490
-74503
-33758
49338
68064
68678
-130436
5365
30719
59983
106574
33128
8140
-101386
-94779
91843
-34971
57980
-65304
64881
2279
52928
-120498
9184
-98047
-119953
-123911
-70251
-117263
87533
-121412
165970
-156864
-19894
39115
-40753
-10372
-838
-20231
71270
20664
-63168
-56869
-776
-15498
-50418
114308
63450
-113001
76656
141000
-48069
117074
-74915
-78566
-41461
169029
5706
-11457
86640
-105730
-16110
-118882
59417
22742
-43682
-4622
-55730
-27930
9323
-145241
-131301
81164
7677
-141972
22248
24579
72397
-78079
-75268
-131937
-12597
173383
-34879
63915
83284
-124370
-102383
-21637
-35052
-17401
157318
5631
-71845
58688
-60600
-77261
66437
53773
-97246
-62768
73832
133340
-122420
-53372
71554
-131725
36163
81816
-56556
-193263
25864
91844
35848
-70340
4347
132935
109692
-82225
-55947
66035
-158116
-137795
-5604
109431
75822
133294
11202
-97256
3507
-146399
-179088
-67059
63096
-53532
-18909
71537
15503
23171
-79269
-65496
105084
133136
-30858
4659
33820
-24136
39747
47813
-2810
-104849
118677
-29184
-12495
-12634
74980
119902
30002
-52959
-105482
-14061
14919
165906
-111922
35005
14372
-130568
176117
-47570
-122828
-8025
89581
-78739
-14810
-96534
-40138
-17412
10652
154402
-9325
-98043
11989
-207832
-29088
-657
2167
68619
-74741
39969
-50832
-55235
-74940
-74050
12226
-116518
49753
-5925
-175066
-7913
24324
176920
-50926
41824
-27456
-2134
15334
81807
-44877
109532
94229
-26956
7055
-73460
124274
-19598
-157252
61090
-20392
-17986
-101634
-3953
-168223
-70326
33780
51682
-149224
72886
134345
-113180
-62747
-21258
155106
-10415
153077
45485
22897
-204650
167762
-12161
-99281
31232
71864
589
-180072
68100
-5815
9451
-70558
59234
-74894
-85920
-8879
-47538
-5882
-95720
46803
-138051
-6260
15708
35918
79069
19468
-146970
-9120
126467
-62144
-28704
-38122
32876
27855
10390
-26458
169915
68666
8359
46175
103356
-89737
51816
-34169
22067
92596
-22630
-50893
-96014
32985
25130
-30756
5600
-48824
-24742
-113949
66652
146182
-27002
61867
105140
-73735
-154072
-55738
61155
-21495
52562
176019
186665
-9817
-46847
-154401
23210
52808
13619
76901
-4529
-86918
22229
165703
11139
-35989
-82771
-110983
132843
-13820
-179914
50176
86491
-134555
31847
-132529
-100791
-81099
-39056
154210
-105660
9365
-62473
206391
-24708
-52594
-133485
-160443
-118899
-48128
-39983
-29981
-8278
93268
42652
25293
65482
-7792
33639
135877
-54510
-205511
-79268
-73406
12048
31470
120615
101614
-47963
-116925
-37705
50428
-42594
16042
50071
183862
37724
-73319
171037
91574
42852
53350
92557
-40119
64829
52516
3717
7093
-98316
-25164
-129536
-154850
-63718
-119145
96843
82712
-38467
39611
-52063
-121751
-54016
-61029
-107285
88016
42771
130500
-33928
114285
-151463
-42913
-623
-38318
-170476
36443
-50020
64458
99145
43696
-126219
-29923
85327
-139080
40260
-59318
79941
138378
68839
-168
4452
167118
-118041
-74993
-102491
-65483
109553
-56001
109862
126681
178575
-147698
213092
80222
81687
-72164
-136352
-63870
32845
-71106
53524
-8298
-68460
-14481
-20791
41219
-81203
129756
-48258
64852
-103184
-55372
-109909
16162
-7891
-22706
83188
1380
36715
-91603
66035
-58937
-15749
56456
-63656
-131267
42209
92353
64206
48227
127370
-52431
-5975
-155554
144568
-94420
116365
72204
75291
-15091
74033
-91607
41362
-94068
123635
-7324
-48906
-52778
185757
28462
-62101
-117299
72425
-118974
987
-62504
-24226
52455
-204239
29565
-47943
22881
-25404
2605
-82405
-71322
63786
-40794
104036
5966
-17121
-43342
-10032
4535
77725
-115901
-117351
27430
-25965
145764
-175522
-5995
-112960
-103388
9454
-45289
69032
17504
-76526
4160
122013
-89299
-44282
30678
-14428
-20437
-19730
138827
-95330
108578
114556
-13383
-10445
48919
67994
139654
-114905
-46193
-110734
-72131
189563
38711
58506
66827
104703
167825
208246
-83296
-158344
-156199
-7458
83305
4470
42561
-27062
146772
3206
42491
46038
31910
102015
-54149
-101868
122146
80045
-136017
4800
33698
189217
7359
-79764
-7207
-82621
-111298
-51550
26511
-91874
-60316
68611
-81448
-68578
-63841
-8051
4707
107701
203150
-63647
-53586
-66331
-26975
-149160
-59256
-15497
174217
62181
73087
26427
47597
69975
-12235
-103705
104748
24992
129867
-121837
-106161
-34736
29051
163004
150256
176629
24917
11286
64437
98585
200149
-128431
-52026
-90617
-11743
-19969
-138491
105191
16207
-55772
47475
5821
-36744
-41285
-135565
66444
-23256
77049
-177432
47827
105590
2012
77512
94359
30067
-34716
30136
30580
-137249
3461
-50427
-60191
-20921
134548
63180
173163
76006
62265
-43044
-30588
-25527
2058
152778
-136453
-150611
-60409
162598
32028
-2093
-8069
-90035
288
-76913
-66148
68775
-27024
-73760
-82393
-52085
-63197
64501
-35146
-5673
84138
164591
-26220
-124751
-49816
-110819
-117529
11833
-81886
-68774
287
43597
10523
-102774
-89518
142579
65545
40018
185064
9781
73541
-163447
62783
160364
192152
-176694
129611
86485
126956
-137521
-178534
2796
27851
72869
38780
46899
-6619
-159672
-56184
-4887
-10781
1077
-121167
113176
-180172
54646
50734
139933
150151
49521
-31366
-7707
102811
36553
-27442
-40218
56804
-134763
-30730
79837
-84625
87972
-30026
-128895
-48602
9111
3515
38734
-62913
158473
54593
27864
-19343
-25245
-34192
103420
184864
-165077
116050
123475
54535
-21464
-161169
-37371
-3102
-45491
-89996
107313
40649
146677
31730
161997
59990
-164086
-146475
-188559
-93929
6835
-17826
-27641
150519
110186
-130346
-167037
-43246
-4939
-107728
-98113
27843
103669
-77488
-4066
72754
23888
29176
13906
-95937
-108708
49808
-20908
92689
-95745
144507
-37492
80668
25779
7876
25712
-180266
-120625
51663
86448
-17929
-23407
-122182
-140569
29313
-55459
-76033
151899
-171698
-128634
-65218
-7867
96678
-5473
2106
-37900
-1885
-106027
-161071
61607
-39900
113540
45204
157100
133745
55406
49154
14286
45373
5072
17848
-43413
-198914
-38876
-81569
-30866
-112027
-56178
129427
-61044
-90644
-29572
119038
67637
-94103
-152233
8948
87566
35725
65336
30385
161307
3754
10364
33872
86592
-3551
-69416
14964
-28256
20597
-32306
-81742
89135
-137499
-72196
87178
-97319
154807
-91659
108605
11954
-39794
-1700
-8132
57816
-94727
-188569
-73553
35126
-3515
62229
39660
-26807
2740
-40824
-2670
-52566
-10205
10182
110117
164354
-17540
133512
14178
116040
198272
-3632
-5379
-134346
-137170
-648
20155
78066
-35642
-159417
133706
-16703
-48493
74780
135597
-19279
-93923
-73728
-23843
-10572
147353
-166143
32504
18097
16076
-160772
7052
-170528
121998
-78963
-4617
129628
157516
101376
64751
-16709
-121261
-107413
95457
7118
77557
78308
56911
-167129
-51731
-52316
101580
-102996
-156541
126985
-37096
-125899
104275
-56869
114293
26914
39462
-94358
-10446
15400
-61012
-70170
2269
194176
26881
-23521
71188
-113886
-4984
51278
141757
-89613
-41168
36178
-130975
98349
-170388
-101050
-977
7367
32170
78493
-38904
28507
109631
-129880
214026
-114444
-139421
118411
-113595
-130270
-115142
82948
-26738
-12689
-129372
-42497
107426
-15751
-84493
-2578
91605
-104097
-123956
165670
107962
6722
-7081
-53291
-29892
17731
-157302
62898
119169
60738
97100
-102138
71952
35917
195080
178538
88951
-22935
206178
-151513
-132549
144613
115276
117996
-155955
142386
-599
94884
36631
-30427
22586
-29407
-73685
11927
-62479
2045
1271
55194
-104842
15400
-2708
133995
-90077
14448
1561
32136
-5676
154594
42227
149437
-192890
-59291
-96035
94297
21205
91275
74514
-197522
-140610
6941
31649
191511
-45296
-207797
-69988
-66686
193988
-29327
-23049
-85778
-15202
131938
24226
-3184
91169
-112966
113300
25586
-73806
14781
3415
74556
-74688
125328
83323
99160
53250
107925
126713
-183064
21072
20126
4524
-89584
-168954
-105758
118795
43132
-2137
-57221
13279
652
77835
-46874
31543
34177
-12658
-66252
-145051
61134
30702
33189
76331
195643
-28640
-111589
-152733
73209
48802
125242
8686
79005
-141490
-88363
113479
-13478
40832
-77087
-147316
9199
-106191
-111626
39863
-10413
118420
30775
10910
-41901
-83327
-116341
-105847
75244
-109640
2179
-29718
1892
22572
42577
-68840
156040
38237
8581
-36217
77046
100247
105222
-54335
-96927
71269
150730
195641
104325
-186629
-42178
-18624
-36054
-76415
35190
17952
140004
-3249
147897
77887
68738
-27397
-17027
-158703
-70531
-52671
131091
26615
52091
33929
175474
-54590
-25232
137182
-55255
9048
-32345
-95840
42266
13690
-78625
-75431
-76129
48656
-14129
-49317
-68505
40246
-180900
-65293
-123621
-34577
37015
17412
-152793
62020
-15486
10743
51465
187676
46359
-43932
24854
-70471
-10186
558
139886
-52407
-80090
-84898
68403
-18049
102145
-52662
169950
-204689
-96340
76964
-24416
16062
-31542
37493
153981
-13469
-196929
74421
-120473
-199412
113940
64330
-122445
-12231
-82393
-132735
-133775
82263
-119183
39620
25162
-106240
-164924
-109573
108942
15555
-52289
69265
60945
-129334
167715
-72036
-67939
78828
-14063
115507
-10418
-80474
-76281
41018
53499
41554
-69786
25233
-136644
-13880
18347
78060
-70080
10780
83913
-38314
107126
-8140
35599
-50066
11909
-133736
107864
-16489
38692
8788
-42040
27129
32052
-119097
-46189
-41162
-5800
73410
49451
57615
19344
-164729
-36724
19286
-43677
-78168
-59449
22443
-65235
77663
195225
-125777
-146988
27302
45047
142329
67252
36628
-117576
-108296
-99032
-15558
3966
84361
53731
163720
-1719
-101185
-100509
-78702
36028
149576
-15454
-295
23720
634
63588
-102207
47465
-20094
-43722
130659
39191
110843
-7879
-72493
-49686
-143462
83330
134216
42943
-56729
-55203
18768
-18598
-47526
48983
33230
-47441
-62653
120065
-119685
-88262
-141286
-30600
70997
138359
33085
135008
92520
-61586
54779
-106263
63784
-19320
40786
74297
-192181
-32416
-54535
-75096
146741
-60324
32401
81122
-75849
-156611
-88826
-6925
-5326
30315
-47177
-50697
-186667
49155
145533
-153389
-121120
-63481
12146
40500
32152
87914
94391
-12199
-3442
115113
-112323
-39488
-6137
152277
93051
80308
24679
-45810
-102508
5969
-168345
4975
91191
-21484
36456
-28315
-89043
-47588
-137461
-22356
-87398
47452
21082
20201
34991
-131137
-36435
-97759
178119
-200804
6542
-12759
115357
138948
35385
-112184
-174813
-106589
140476
97081
73355
-30775
57848
79098
102158
111478
63834
114731
-121836
-28094
27031
10651
65632
-102566
26589
-55450
-66684
-186765
27204
-74445
-90423
-33718
28208
99275
-53489
31139
36373
-5589
-173506
28092
-6549
-47371
55687
-57207
-133624
63493
-5375
-6250
-17485
52741
-71140
103223
122079
-3909
-60688
-73264
27533
208582
-44892
-114908
139946
-27340
-28639
116182
92118
167810
-127793
-60046
116348
27266
113946
-9518
12734
100986
-1071
68523
119425
-49069
-103566
190244
136056
105198
25092
-163314
-68371
-50747
103065
-52985
-33303
169752
93542
-47544
133842
-90272
95056
51870
-54991
19945
-118215
-98824
25610
-160723
-99032
-18926
56198
-69781
172650
34070
171880
-138712
30349
169035
13398
-53467
28600
146343
-36291
559
-53940
111086
-41372
101155
-19143
98685
110060
-121885
91607
31438
-82573
-133062
-26325
26622
-10014
-135367
-162239
11047
-20854
14951
71809
-25094
-71309
41055
-75500
17378
16117
-7974
-150851
-86625
88960
18882
-62296
166133
137056
21085
-9121
73260
-35313
-124986
-132410
-98188
13114
14699
17702
-114625
-14603
85681
4860
-74880
86893
32487
165021
35548
-16934
-49449
-83079
-25387
-18348
-59953
-115118
181374
-49844
11386
125667
133990
-11538
33354
173778
153467
36143
-166533
-13860
43518
-155868
-74533
44826
79507
-131565
-49998
148616
-58036
-90715
44915
49813
25405
7447
-98713
143072
70625
91819
-63782
164374
158019
123400
188502
89125
-110265
34330
-1527
-23462
-50606
180372
79297
96103
77525
33593
122203
-107771
12578
-43354
-65596
-1719
26560
46518
-139742
45982
-46909
100761
183409
-140557
-70924
65036
33822
-60836
-15545
-7472
-156506
127129
-88193
148342
-9532
-125218
59911
-51183
24607
158596
-141923
-32918
51006
-61788
-27369
141143
33730
140233
144535
-36930
-115810
17881
-84314
35788
-12533
42081
76525
-86517
43085
68288
-100866
45219
76575
105227
93669
-171566
26172
-73508
51529
74268
33395
-23488
141516
87358
95899
-111564
-129789
31938
172950
21574
-35572
51059
113392
90652
-126413
-4063
-40368
112541
-53140
-126313
-150322
-61296
-13377
-50428
67097
32406
10620
67247
-57211
62804
-150950
117010
-103138
67678
79907
20267
-25547
-144913
109489
-26516
-10278
-63052
121903
99585
-27548
134934
-104769
179626
19948
165732
193694
52471
-161069
-194826
-134149
4690
-169633
87697
6023
113061
144685
-7224
-55593
53096
-103952
60432
-1479
-14581
-107645
-34617
-87372
-42782
69738
5291
-90353
46495
-160660
-80635
-23929
-21279
-76330
122327
28989
-42457
-186045
-28564
-67299
100137
18630
-29499
-24518
-70166
-40741
-65095
58158
178924
428
34891
-48048
-24540
-163808
75203
58429
12896
-75498
30
25453
-75785
142843
5571
-55211
-57039
31094
-117015
205917
56921
76748
103555
80183
-124049
41927
-126787
20008
-93184
121490
-4094
11384
-101114
113060
109562
79458
7572
103881
13658
-434
-28372
21684
65841
38187
92747
132967
-11061
170401
70162
-82116
132478
-105794
-152785
89508
-29177
-54337
-26477
-129227
-74016
111410
31132
84298
112423
46372
115622
-11810
27512
-639
79412
34511
-94826
64914
47875
-31470
131044
-99776
-106877
-11647
-23161
-22239
127402
190211
-107950
63424
135703
-82225
-100485
-184731
4924
-59960
-18955
81541
15058
-23375
-35365
-34389
-76632
-56950
12935
66832
-54237
81514
-136673
-147875
25249
-92669
81325
-128005
63496
145123
107554
-33027
-48793
-105602
65399
22891
148539
-24500
157505
66718
66331
-59807
-32381
-25730
174417
-41730
135801
-50252
78997
-14621
98329
11141
-46370
106775
-7038
-99135
11204
163287
8224
51005
-63337
181877
-11167
-12251
-42975
122839
-40701
7343
61556
1103
-170363
-117823
58482
15643
67287
-76097
-79733
-28418
12648
-47522
75369
-130938
17876
583
-3819
-15733
160879
-71329
40389
-160870
-114422
-3781
197540
-31688
-42673
119787
43983
-32575
-104074
56919
45784
158181
62510
98298
-3769
-52994
-164530
78651
74686
38937
95885
-26274
-124345
100718
-56827
23978
-158331
29312
21962
7728
-38093
177667
-130546
76443
-85690
-4123
25770
93979
-84997
-133291
69798
-146840
-70198
17195
56688
118617
-64116
24090
34560
-31445
-135837
-5668
-141964
73836
160418
3864
-14925
-139234
132983
-37540
-11697
28616
-53262
28155
-52153
28511
-7058
37800
-50907
161266
-100968
-708
-113384
68550
91057
-39714
164398
-104572
-117843
53472
-6693
-58519
-25980
57831
-94244
105117
64547
-23992
-70119
166825
-96843
-530
-101791
-109204
-34324
14260
132229
40112
16921
-80043
28116
10174
40106
78857
36009
-51869
-178379
-156216
-5504
96411
-2590
-21487
-217162
-150556
30438
131977
-56245
48631
24957
123095
-106505
148334
-65846
28254
15441
118371
105603
49962
140731
24236
30838
-18241
-43052
-96415
-107931
36855
49405
-134944
13174
129869
9308
150237
-130926
39529
-23373
-40902
43374
35445
126401
25087
198844
16973
39976
-73623
6144
-88220
91589
-12588
-102628
-139318
149612
39353
-89794
-96870
-32893
-41496
98678
-45187
-26116
42250
-39528
-69267
-53361
-15354
-65697
-82244
301
142794
124449
-69748
70900
-44736
-33803
148260
-88207
30256
-138980
133371
42685
-129248
22055
-105680
-30848
49476
-13205
3274
-55406
-140715
-113432
-17028
-169896
-128717
-80739
56480
94077
63920
-9044
-74525
67627
-9674
-10474
-143648
-85962
-90061
-70488
47016
-142001
29725
44607
6418
101580
98225
78845
-130540
-56468
-72783
-3327
-18977
-5676
-2515
-11127
-97298
113978
-107068
-13193
-3133
5599
-95780
-7201
61884
162673
59694
-25878
173435
-199607
-55617
65905
191393
39740
-47741
26158
138143
139896
89351
21855
72930
-84015
65291
67849
-60811
35135
10718
-603
-23653
-21254
17996
-139994
-60046
16579
-30064
-45853
98317
66923
109753
24676
-193979
143846
-24908
-143403
-20861
-50038
-49081
-77188
-51990
-121795
27152
55767
17545
-4918
-26415
40122
-25153
171545
-105632
-90917
-126565
120492
-25704
-40100
64957
44890
-134819
31092
-51363
135353
-66865
-6399
-11812
32841
-12213
-125024
-185934
-18642
824
-33537
28570
123815
-9408
-37650
24413
129744
8279
-23698
-58137
-42813
35706
61028
25342
-12781
40458
11335
-43295
-40308
21985
-168582
88984
19717
695
-129055
14751
-42873
-93060
-26709
62230
59751
110243
29549
36279
65269
-102688
73026
4838
-92158
-55414
-98164
-86897
-145789
-31638
136166
171806
-22055
-1326
-211524
-54773
-51007
97424
19251
-73693
-90987
-9245
54376
-133283
17312
-41943
156451
-176072
122666
-103948
11873
55703
-66881
-21295
-3707
21083
48635
146163
-47225
24703
-91009
182118
65348
-164821
18115
-53863
-43231
100095
37002
68346
31806
-98691
-163844
-154543
62936
-148670
169723
-106063
-103646
-67369
-142210
1764
-259
-102634
-84015
98721
58805
140982
-83476
-49481
64097
-86709
13117
77765
-17592
36713
36694
-41007
72549
161023
-121431
-10583
159924
-35891
19475
16629
-47122
173422
-34851
-78827
-182467
7152
-93201
-89552
-27008
25090
12604
21642
-2971
-497
-50298
102446
-8155
-64007
43865
29117
118462
-156390
-80127
-123864
-80761
59857
-167833
80290
-136846
31498
-49994
70190
-26650
-44764
-54337
-179433
150518
89414
118453
-35320
-21240
60868
-161151
-30610
-129577
-9335
52696
111793
31864
66375
-3068
47605
-12405
134778
122520
-14845
151185
66829
101728
50838
-53144
84006
131665
-61
36849
-20888
-5209
113508
42449
13651
-62334
1663
136629
9523
129980
92750
-159846
-177202
11238
3075
48398
-164712
-5987
8247
-35243
24004
-68476
-146203
8396
-12490
-197272
22823
-1167
-114728
-131999
60947
-7998
-100614
-69338
78559
-146614
119445
2701
17689
-159495
110959
-121493
-102664
-24298
54169
-62785
69380
-53624
-39157
124307
-51449
47614
119767
-36064
-44912
33479
35480
-10799
114361
73112
-81402
-83020
79215
-57591
102426
106425
-34289
7678
-136126
-41166
49436
-81992
-55264
-149300
19847
116772
46452
-22423
-53444
91824
187209
-17661
96741
63395
-132100
-138356
149964
156931
-55257
25754
-14956
-48677
-175811
30751
20276
30397
32025
-143817
-124998
-146109
-181861
-90419
50275
-123405
7388
15148
-20355
-82135
101234
38325
94532
128423
115364
11279
-62022
-11356
-134600
-75724
-85308
-109293
-196976
54162
-64755
-113540
57571
24070
-16068
16430
89532
120045
-168967
18866
201257
50755
44561
111440
-142727
14684
182479
-2877
-89344
-17748
-54366
111164
53836
79916
46624
-72158
-73140
-172301
17694
52601
-66083
-85298
1291
106733
-144429
6175
-81176
-56483
-2485
-120482
84246
-59834
-65875
-13407
-7165
-173432
-55030
-88365
128371
-22640
34727
85340
35034
2046
-59880
84803
-68013
-72831
-34644
-70986
-71285
-60098
-80328
-21243
161196
134531
145132
89987
59763
58477
46573
-160612
144488
103980
-82875
-44558
41885
3851
-141272
12982
92640
154698
-120179
169401
-7499
-73785
-75979
-112408
-72395
4676
29962
26911
151863
-8756
49407
166447
179924
-54614
-126055
28210
101275
157530
1021
-172247
49828
84201
23052
-34952
3447
28244
35792
-62975
75252
89517
-6115
188891
37398
-44990
-15760
101182
47038
2889
-98093
147753
-159691
42983
44869
-7628
105959
144780
38649
131158
110316
145909
46265
-90988
-97326
-58910
-26231
-1550
22773
-199284
152088
-142418
-78624
-152567
50864
-189721
-33994
-100624
-156844
-17900
-83059
94953
1900
-39021
184624
-70104
-28302
83066
106417
102394
92145
-41432
49313
-41616
-183626
18613
114185
-140590
-92668
48932
19521
-66253
-1928
49823
119989
80733
-6575
-22796
93231
84634
-158849
-8490
129212
133088
185921
51553
40132
37853
152190
37593
63176
-64547
96928
138888
-31486
107809
151534
-65042
-180352
77386
38892
42534
-19212
159723
-59512
-64292
24412
30619
-131249
40945
9443
-113099
26764
-19223
62687
48410
-38665
7375
104807
-41279
-83678
42493
-16875
-45950
-10784
4983
-116489
122550
-116695
-71329
106418
-41618
139787
-82709
-86153
-109680
-181711
-38811
39186
102109
-39906
-59209
79827
44867
59469
-125181
-2169
-83515
48020
-121443
-119219
16305
-31643
38943
10243
-131445
-54317
89894
-132194
-61335
111056
39234
-182541
-78083
-123661
134427
14596
-108743
-135624
106432
-18150
33626
66481
-67021
-59239
83845
-133566
-1665
76880
103019
-171524
-88700
29289
-86104
143744
53950
-163361
93442
-102212
33330
-126894
96507
-35240
-64077
-82792
3436
-108062
-129363
10693
26979
20607
-124734
65827
-21944
46699
-178773
-83941
29467
142477
-96826
-63250
17220
-147884
-117512
82719
33516
149046
-41362
-65115
51917
64109
15069
-113274
53677
126671
-107640
-14943
-36670
123860
19460
13889
55907
-23104
-55732
-62444
4464
-126668
-49378
17599
94804
-119802
68134
74414
145357
-80210
63223
150337
202576
-67707
-64613
49287
6436
-53555
-98162
36725
77785
-98744
137336
55060
143251
-63707
-60117
-168023
-30645
-104085
46690
-154353
-37136
26535
-111907
-61618
-95550
166149
112350
3243
200154
142889
-143558
76707
72964
10152
-29231
-45630
109079
153099
-19906
41211
-163187
-37869
-52044
127323
150811
-47811
195250
3556
-83508
-105464
104339
-80370
59301
141671
-94283
-99030
92216
195690
-135760
-94455
10921
102835
132181
68747
12708
-40039
-53490
-10243
73784
-2460
-4913
73380
-107620
115353
-45301
-3383
-112286
-31847
143493
-38589
-32027
-78740
-80318
-93860
150870
125649
149584
-95480
54250
100834
-675
50146
-17105
42717
90337
82290
-20900
42763
-65812
61082
66037
86460
117780
-1899
-35263
-61128
-13754
111585
-66282
167974
-113776
-11684
-133192
96198
-112439
-26336
-44952
156122
45434
-61391
55611
-41758
4181
-185883
80563
-35948
203286
39627
46389
134510
-166737
13903
130519
51624
11653
44697
133411
-41546
62369
-108686
-19895
16667
-52149
-23121
119316
67382
123291
20206
29425
-2935
-78425
-3953
11558
-98824
-10505
-3162
-11763
43422
-22613
177098
42608
-53107
-48408
-195230
-59217
88911
87640
18310
143950
8265
116925
9089
187942
127086
139545
10351
-127045
93429
57946
24810
-8726
-53028
-68800
-123270
108579
88153
-37174
-119139
-101402
73730
29165
-34713
90860
-101005
39877
-29860
-118406
14203
-83857
42380
109878
-76416
103086
-94943
90670
34177
31400
149580
-9343
29630
-161927
199669
-111901
-4336
51688
-5116
91571
157833
11647
26956
-27207
-172473
162652
-31193
-103877
52049
98604
-86356
26524
-42109
195755
45405
-66889
-147272
-176588
29852
217221
37294
-36614
-95849
-136174
133607
-91647
33046
12875
139078
184005
-61228
-75171
-113856
-10473
87954
-19926
141030
-29713
122039
-138515
-128745
-143113
4972
-125863
-83446
-79881
-90619
-88977
-170621
-12244
-21409
116792
-103704
-18811
6763
-40869
-134678
8934
41837
-23167
107480
75471
-21268
82959
51679
85551
-78884
-120439
31687
88570
45148
-74301
24486
2519
-76017
-2165
174502
102369
13079
-65961
201825
-30043
-123636
-58182
-45872
-89655
-92256
-54583
32739
-21384
57114
173702
-123684
144737
29423
-39267
-41931
-129288
144457
-134227
-170790
69892
201473
-43767
-83382
127717
139343
-83727
93270
-12064
12329
-68191
-84632
76169
-120069
-175171
-13004
43028
11218
11636
-126353
-42335
30266
50412
-142119
74008
66267
-114516
-54321
-33425
-4909
-41246
-169535
-17823
125348
52210
-188688
2761
-200522
149404
-151000
77454
35140
-39160
-112009
100870
-5270
127012
-70012
26881
-37057
33584
-98157
6281
23988
-167031
35263
128150
-73576
85840
-63808
163139
-1740
20672
-46588
35296
-68633
-72618
121632
-103437
-1649
19395
133774
-61940
45841
-87374
85023
17146
-54208
-3242
140914
-141833
102539
-17096
140712
-32576
47376
70086
178171
-64416
-37248
-109870
34441
-16019
128750
19588
-10756
6787
125549
758
-82285
-93595
-72824
-68934
59030
17047
22150
-97585
-155487
-63762
36704
17721
7985
218
-3886
134617
-110971
1732
7226
13866
97443
3686
139357
103654
-152799
-65007
-125203
-73046
-13960
-22760
-61677
94769
49313
123456
-15689
98391
77909
-95252
-148946
94173
-100982
-26863
-144568
-39002
-105325
-137862
-30515
-93050
109874
-148659
136650
73972
75088
58351
24811
-167533
2850
86517
1147
-116862
79804
45447
35244
-67995
-146269
3829
-54575
-2118
-85765
20819
-17155
94859
165145
132111
-156519
-97721
-73154
11772
149033
-41133
8455
39069
-66567
-9577
18359
-41819
-20261
167827
35989
-40367
23943
-39373
148950
73361
18106
-165244
-101502
-84041
92728
58391
-23357
-144246
150832
18241
-119526
159921
-130632
99304
52404
-24394
-136035
-145252
-36199
73145
123936
14143
63851
-54714
-176468
93652
-147161
13146
122992
7785
-180810
-194764
-58504
132589
42066
36978
-118724
-153316
35160
62643
4261
-87374
166842
-1791
-41838
-83750
93746
-79172
-41116
-11774
-164372
62730
46840
-82142
-89307
-29932
-59131
113207
11699
119260
5126
88187
-54704
185282
-67124
69128
152702
60703
85948
122554
-5683
-140867
-88462
-86174
108388
43559
-82911
66302
65520
106468
92503
-8741
79743
-59635
90284
-94688
4109
36879
107135
-68860
-21058
-14876
-47568
-124794
-103653
188224
53689
200062
66884
-59022
120038
83262
-90987
10652
13898
-193076
83453
65061
-135466
-58394
-120520
-38078
40515
-108224
13865
41873
9649
134219
-93812
10606
-16747
-14309
78467
-66205
-19014
114207
29847
6691
-130125
-6381
-123400
60877
154823
-135247
131594
-16094
23830
162933
15143
-100627
-92625
52831
84162
-77484
5453
-3171
-14900
-96659
-182753
45273
-32046
-10567
23918
116208
13308
128526
2339
52964
-29473
-129440
23087
-50411
-130200
-14404
-86540
36999
109577
27384
-158866
142811
-81243
54111
86726
74736
-15000
-48057
-17767
-63944
-122432
-24557
-54624
-106180
-64160
39848
-9580
-22988
105879
-102082
-132769
63667
-115069
-86648
98658
148644
-80200
83746
26893
-140664
-21848
-66080
71675
50185
-108318
-82095
-99945
-62769
76512
-120114
-26650
-80733
-14463
-68766
26991
127125
-105486
103893
25554
143247
-192414
99065
-45693
74934
-130188
5992
12694
-84701
103436
-57271
11387
44372
616
68805
38978
55957
-173202
27326
66556
71930
-34023
-154408
118230
-21511
171287
-19824
-22194
-51511
105659
-4152
28568
76406
73133
-30413
-53050
-72915
-182959
93407
-24848
-107734
-16411
8190
-164283
-46918
-34048
9074
-84062
-11814
-108430
-50233
-92736
24532
105047
111462
-160733
114166
111824
-85127
977
82827
168998
55826
-86334
102343
-42920
-51772
-50028
-36476
1625
-47379
-29268
-35129
2255
-97167
-69644
-55540
129442
-112474
24857
-92603
-131335
61615
52868
-59797
45021
-75070
-137043
177279
-45204
8074
27251
16747
-126246
-66308
2869
-135007
105328
-58887
-42986
-84762
137605
68660
129470
15032
-33009
-127279
73094
14203
11210
-32940
-14484
5673
102778
-18288
-118847
-53466
-77550
49691
51549
126804
-48898
127326
-94088
102926
102341
-178563
28381
136722
161156
12106
39677
-9339
-197499
-57164
-3260
98514
-98169
-163046
35467
-12743
55304
31089
157448
140346
55999
-115158
145187
-17225
49468
-15703
36047
31761
145519
-68079
1669
-3380
190594
-19642
95204
-122358
-81685
94573
-161478
966
-163171
133737
116325
100963
-71216
-29081
72554
-64177
-19840
-28807
-114187
97198
-102342
56243
-56257
133875
72374
107392
-56651
164504
51724
151366
-117245
20967
-47840
140164
67177
-71987
-127504
89674
-42585
-112115
112043
-141794
-57850
-96220
-32068
-188035
119327
-116828
-74711
75458
-147759
133408
-8645
78315
121708
-123365
-26976
-102969
45057
83701
143151
-6587
-82387
25927
126738
10234
-125583
74243
22630
182952
55351
3827
-120732
11262
3935
160628
-45848
-32134
-10070
25985
-4493
49049
1773
189458
-15206
-19855
-203362
18603
-41571
-73370
53371
11851
-82106
-30598
-22748
23251
180359
40108
78148
101431
-39825
-4010
-156132
-33914
18313
-118792
-72256
71131
-100600
-69796
-98970
-9105
-14530
13888
28712
-42194
146876
-21185
-26616
-94309
131047
-156853
-136102
47758
-45922
24220
38921
91967
-45304
-58199
-98141
920
116212
38630
-29130
-158346
-15612
211702
69474
-39426
-18408
176667
121780
-59674
-26494
120308
73746
-80152
-25212
-106902
11187
69211
66454
-14559
-112655
-97997
-61382
143818
-74448
-118
29384
-21792
730
-68217
12873
-114979
-10327
54395
4506
173868
236
43251
-161825
-190049
51206
39479
-58138
103465
-109513
77943
150477
-17991
-29631
-132275
51867
-18442
37576
-18650
131292
-44409
167416
-138696
46186
39816
-57291
107909
-54334
-13026
19601
-147417
-21996
170764
44474
-85772
-98028
42199
-63168
-4164
-40173
102313
-86300
92722
22823
128839
-29537
71120
-104994
-157279
-61797
-38190
-14698
-111785
-15632
27291
-46977
-33757
40731
30405
140101
113914
-114840
70088
3571
-54257
78381
-36514
-135559
-53511
16268
129425
186911
8377
5304
-119441
-80791
89120
-90695
-5655
-35289
-5760
-68537
49067
-31156
-39305
-69469
164492
-18670
-138950
175601
50984
155964
40508
118734
87644
159149
-2036
-105417
50305
-118910
-54726
59644
-109487
-206349
-129332
-23340
83978
-137728
-6124
-174428
-82763
-137859
-9843
-158367
131487
-48156
111330
-149546
-32895
141633
-37120
176843
-151700
8646
-61698
-19677
-21724
-95719
156548
125118
-39663
148511
19675
29262
3996
17106
183452
169134
-60604
1268
7653
-132623
57357
129429
16583
-53447
-129214
-34761
134906
-57975
51390
-81161
32476
34321
-92813
-84621
-2270
86365
36605
-55568
38055
154216
124461
-22783
-62046
96399
81266
92075
126064
-30282
-1058
17626
3373
-52793
45387
146428
-73117
2437
115499
-53102
78396
48481
93791
46795
58239
15835
2825
-99671
143384
-74357
91791
-106801
-94442
33641
-16531
4278
-8876
110287
-36962
-129658
100558
-36599
-48670
28587
-23639
-10522
46202
-127814
-46243
111096
130522
68527
-69960
-60989
-78564
-54046
-14813
-67689
57367
-28201
-97383
63528
34891
104526
-137215
9302
-19943
-50187
-85417
-100557
151355
33001
58213
104680
-120570
-130722
29511
61612
-4067
-45161
-48291
115264
-7316
-77900
15329
-37072
57341
-107372
89224
83680
117721
77089
-166832
17705
35666
182712
-77424
119074
33805
-63312
-62448
49712
-4745
12019
-108180
-26099
35711
-125730
-71973
-122649
-33723
51571
-33175
-45442
104200
171784
-31338
33102
69981
-40908
-107199
17656
97956
159480
-59758
101011
44203
-29926
-46301
14330
-71357
395
-116946
69343
89761
38705
41004
-11638
66534
-162599
896
-124560
-150601
-73938
-99225
-993
19314
-29788
-68363
101800
112392
-78857
13107
46417
41570
102662
12478
-91238
-76135
66149
-122795
140442
180912
-75931
-77909
21972
159546
52443
-18304
64056
40668
-7286
-15573
75334
116490
-56943
123119
-5789
-147995
-172991
-13466
146971
-46501
128039
-88777
2711
180844
-58907
-38722
4233
-6072
191541
138684
49151
3487
-94271
-121488
-27777
-40194
44599
52541
81965
-10098
-34552
-61026
155793
-74284
126320
-4510
161267
128030
184068
74816
55768
-5104
210339
-23863
-21077
94880
-35407
-56990
-27742
56700
-9526
-4981
25622
70790
-36273
-126584
-12124
71721
130469
-131195
-112274
-17323
-71973
48586
79156
-8750
-179257
-62773
173127
55655
-122972
136462
10753
26061
-48770
101257
36733
-35445
-198814
120459
3450
-182007
954
62084
-57918
53535
41207
-26944
26611
33798
-68272
169692
57684
-8293
-94970
113842
-7119
-95200
176523
-12253
102299
-55821
-149722
191167
-124603
-88548
20073
-66244
-44311
41439
-3104
-28900
-124752
-125310
6113
-59986
-43219
20186
150506
-92047
-122228
-43143
-13253
-113163
-39050
-20014
123154
128941
140232
-10064
108376
-4210
-85950
-72151
-145009
69894
41306
34617
166079
-42260
-42854
-128675
-67100
69122
-150790
-116923
45286
-41420
-78947
59175
183504
30687
77560
33798
27045
132119
-142779
-177351
26257
12481
48523
-49212
63088
28366
53061
-157798
104311
-50830
105073
52768
-72738
39263
29700
-152788
34780
39030
-106067
-117502
77482
89335
40068
59209
85195
-28035
-169702
85930
-80031
28512
-73076
23473
-22802
64514
-11317
5804
25184
16691
-145335
64498
92653
84449
25190
5518
29259
-7865
17747
-8563
5706
38930
139832
-1787
84832
20624
-8054
142291
-148369
-48285
10486
70699
-145
-8802
-21966
-78349
-109575
-11080
-45241
209593
89078
89103
-117744
36042
-7744
157576
30216
-44034
27741
28744
-70926
8276
-35673
53316
55919
37985
-119936
-60698
-95923
-209638
65715
83366
-153244
154332
-70588
-198536
21381
128090
-36988
25881
-1081
-178794
-78353
-166455
68888
-82660
62561
-94692
91178
-46300
-11886
-72684
-10183
-106537
-15570
14781
65924
42171
-32771
-17615
-45201
16399
39397
-43731
-157463
-28547
-56911
-26032
22842
125410
-36433
-96257
-100670
111633
-32636
-67500
-123902
-79497
23466
-179328
-28058
58154
58280
1767
31176
13355
31873
110320
-69346
56366
187741
53260
50379
26256
-132668
-171039
-75515
95548
-80765
-106817
91713
13634
-88586
-104811
-41083
50007
-64623
39386
-56208
109716
49869
67907
-121694
65072
-27354
18625
-196248
-2349
1551
-16954
108625
110650
115484
-68492
165444
-47871
-11504
-132062
-18304
-42915
80756
99772
-15386
-48835
-47573
104362
-22297
-49295
21724
-156767
-55878
-95550
14013
17545
-7572
3652
-165405
-169822
18340
-959
118090
86708
91091
-55401
-117577
-38937
14352
-124107
1039
142934
-83385
-75794
116724
172542
-5474
20676
171377
-45042
5599
-99804
15540
99718
154684
22389
43833
28589
-28098
-77113
-85206
-6183
-93233
66155
2660
-81790
85266
-37506
62308
8592
55104
-48457
19602
15866
48275
25870
-16490
93900
-27045
79184
27212
-95731
-135447
-108447
36417
-65832
59439
93056
-29278
56634
-24913
-16977
-14756
57742
20478
-191979
46148
-7499
-95396
58541
81445
-112146
131740
13576
881
-29343
5619
101126
-102914
81682
56085
-40674
118830
-46904
41225
141925
-95464
141583
107522
-100359
-57847
-92358
-12721
37666
62672
14740
-93884
-74273
168023
-71418
-49938
-64567
13424
-118734
-51048
49385
79786
-5564
87253
32961
158370
-184257
19378
86766
120579
69944
71579
17911
17978
97894
-115170
96872
-150479
80764
62584
-24602
-27848
-134871
-91046
-120647
-2146
-116091
28526
14035
34845
18391
-195737
-87870
-62669
136547
-65821
111509
-3018
59215
6426
108104
10775
-180476
-17589
116607
-189814
18369
9410
134126
52110
-82946
83362
-13011
-34703
56875
-49197
-56307
-71927
147818
6209
127246
188205
33789
-113112
-71200
146615
-60533
87573
68910
93791
93339
32158
-26261
69615
-16037
126310
-28189
-32183
81287
-39274
-102913
143280
95565
-110878
-178158
46352
-180785
-174545
32050
-54409
-113079
76693
90742
-28863
-26792
-97545
45351
13164
96635
-107708
46290
46337
-10961
-113659
-646
137984
-98035
-25637
-151285
104566
85607
145110
116705
-81482
-45086
31130
-52799
94689
-37042
-151914
8080
-50948
79805
-113654
4439
204912
-72970
-36704
-56388
-70778
128753
-48915
-80484
-84174
-2726
52677
-19054
37007
80404
92392
140727
-127019
10322
-42502
-44687
29209
55548
-17970
67845
-7022
-38260
34774
-29551
84900
49259
105348
-6234
39300
177998
52735
-62042
34373
102146
-11542
70904
52560
-23932
28068
-157618
-86936
62157
-93775
20323
161524
15146
-61525
-32669
146665
6726
22876
24115
-100159
-7174
122971
-128314
91510
68731
-163692
-27638
-48735
-106571
148051
66507
14727
134669
-121164
5686
28621
-49647
-192022
214078
-7496
-119151
23372
-17695
171706
61348
4808
-16936
-50657
157113
44783
-60556
143438
9250
90310
-65781
-121140
52818
-106188
95373
-26384
37500
-110338
110197
145817
43790
-30465
169397
107670
-65396
-13577
-164664
-127687
32263
204869
43854
27032
-157827
20856
-128774
115324
126079
-48165
87589
84216
-14279
27050
-143513
95500
12319
-112710
-18062
4083
59564
50980
127052
19112
28188
105260
79852
-36934
-7262
7933
-47970
68965
81315
-38931
-67122
9797
-81783
-134638
-82206
-31398
46625
-646
-131568
-97243
-26088
-69136
-56251
-58837
165787
142494
183765
140925
-60443
-130596
-103023
82073
-2756
28579
-73202
100522
154170
34316
-23935
-70402
-91680
-103051
-99001
6813
-51037
92786
1780
98632
-34986
33652
81110
151531
37617
157959
32019
-74277
-128194
53955
85020
5892
482
-146321
-65606
-842
-168930
41174
11237
-17
3843
-150320
67109
-444
53627
-112779
-6375
-166445
-10113
23724
-46855
122768
-48079
-3763
157497
-122826
43964
141289
-154029
-50013
-47146
-177619
123974
15151
-91885
93368
27669
-55797
-30200
-3842
-7806
-19083
66347
-25158
-6472
-81125
-33582
-26943
108536
-9046
-77955
104971
10222
-83642
78068
-217960
-105740
125648
13413
-48593
-54886
-7110
29032
166620
-144796
-8489
-125740
-140443
111755
14079
-7702
-17578
79909
-112283
-82660
79689
-2463
143867
-5790
56453
45379
35379
677
43516
-22457
-17458
90495
-92050
-122654
40508
104196
16834
99767
18773
-155651
-22728
-31067
-16081
99021
160267
-199459
86986
-152697
-127024
-29656
-39587
156354
-12763
102530
98152
-169730
-11112
-74875
-67774
49539
98997
177584
-68558
9707
-65703
45463
-13926
11499
59899
-138417
-88836
95959
16369
61771
-43855
-55253
159598
-151259
-23818
25691
67177
153195
-80673
-74622
-1669
52472
38475
-55158
77546
-104252
-19798
10693
172729
-86
-29817
-4111
-131549
61366
-170099
-151708
-107905
-164966
123082
156674
-33118
-122056
-16758
-137820
-120345
-8165
60408
28036
125918
17162
-122623
-49080
-131822
49856
48753
32081
-134522
69883
144521
8659
67318
-51376
-173540
-143729
-131497
-120161
-84949
59379
98621
-26536
-409
-2327
2950
-16739
60536
-20287
-50035
42719
-22041
985
158092
-76475
32141
100722
-204138
77721
-81762
170306
40503
108589
20038
-67646
-55332
-38833
46299
29707
107838
90865
76665
48432
35537
-33678
144934
-192466
52012
9057
-1798
-48757
155181
-79934
-111546
51659
-129810
-31035
70822
180854
118649
200901
-61416
-89059
62729
134654
-61968
-76178
-3868
164380
145019
-7928
-78106
3026
-10694
46876
-82337
-13360
41717
44522
-18404
-80194
30654
55205
-146276
-159807
-140964
-30487
5176
135371
-82476
-180673
154204
-146436
59145
-4213
-41921
75721
-141429
83356
-126344
-110321
53481
116388
749
-24460
-188086
61050
-184446
43190
26714
203036
13844
26908
-13505
-52957
-119668
172569
-38380
-15964
98429
-52627
16287
-40918
-54097
17094
144866
-89555
-47598
-63886
82467
12194
-40160
12175
-127440
27165
-32775
134136
-23885
-65337
45398
-19271
115135
-97863
-36197
-64579
57163
189329
144350
-83045
14421
96508
-42360
-161357
96551
124820
5428
131210
-69241
-44678
-92032
